<?xml version="1.0" encoding="UTF-8"?>
<!-- Generated by org.testng.reporters.JUnitXMLReporter -->
<testsuite ignored="0" hostname="USHYDBABPAND6" failures="0" tests="3" name="Test" time="0.044" errors="0" timestamp="15 Dec 2019 15:53:21 GMT">
  <testcase classname="com.qa.TestCase.AmazonLoginPageTest" name="@BeforeSuite setup" time="0.084">
    <failure type="java.lang.IllegalStateException" message="The driver executable does not exist: C:\Users\babpandey\eclipse-workspace\AmazonAutomation-master\‪C:\Users\babpandey\Downloads\selenium-java\Driver\chromedriver.exe">
      <![CDATA[java.lang.IllegalStateException: The driver executable does not exist: C:\Users\babpandey\eclipse-workspace\AmazonAutomation-master\‪C:\Users\babpandey\Downloads\selenium-java\Driver\chromedriver.exe
at com.google.common.base.Preconditions.checkState(Preconditions.java:585)
at org.openqa.selenium.remote.service.DriverService.checkExecutable(DriverService.java:137)
at org.openqa.selenium.remote.service.DriverService.findExecutable(DriverService.java:132)
at org.openqa.selenium.chrome.ChromeDriverService.access$000(ChromeDriverService.java:32)
at org.openqa.selenium.chrome.ChromeDriverService$Builder.findDefaultExecutable(ChromeDriverService.java:137)
at org.openqa.selenium.remote.service.DriverService$Builder.build(DriverService.java:346)
at org.openqa.selenium.chrome.ChromeDriverService.createDefaultService(ChromeDriverService.java:88)
at org.openqa.selenium.chrome.ChromeDriver.<init>(ChromeDriver.java:123)
at com.qa.BaseClass.BaseClass.initialization(BaseClass.java:96)
at com.qa.TestCase.AmazonLoginPageTest.setup(AmazonLoginPageTest.java:21)
... Removed 20 stack frames]]>
    </failure>
  </testcase> <!-- @BeforeSuite setup -->
  <testcase classname="com.qa.BaseClass.BaseClass" name="@AfterMethod getResult" time="0.0">
    <skipped/>
  </testcase> <!-- @AfterMethod getResult -->
  <testcase classname="com.qa.BaseClass.BaseClass" name="@AfterMethod getResult" time="0.0">
    <skipped/>
  </testcase> <!-- @AfterMethod getResult -->
  <testcase classname="com.qa.BaseClass.BaseClass" name="@AfterMethod getResult" time="0.0">
    <skipped/>
  </testcase> <!-- @AfterMethod getResult -->
  <testcase classname="com.qa.BaseClass.BaseClass" name="@AfterTest endReport" time="0.0">
    <skipped/>
  </testcase> <!-- @AfterTest endReport -->
  <testcase classname="com.qa.TestCase.AmazonLoginPageTest" name="AmazonLogoTest" time="0.0">
    <skipped/>
  </testcase> <!-- AmazonLogoTest -->
  <testcase classname="com.qa.TestCase.AmazonLoginPageTest" name="ConsumerPortalTittle" time="0.0">
    <skipped/>
  </testcase> <!-- ConsumerPortalTittle -->
  <testcase classname="com.qa.TestCase.AmazonLoginPageTest" name="ConsumerLogoTest" time="0.0">
    <skipped/>
  </testcase> <!-- ConsumerLogoTest -->
</testsuite> <!-- Test -->
