<?xml version="1.0" encoding="UTF-8"?>
<testsuite xmlns:xsi="http://www.w3.org/2001/XMLSchema-instance" xsi:noNamespaceSchemaLocation="https://maven.apache.org/surefire/maven-surefire-plugin/xsd/surefire-test-report.xsd" name="TestSuite" time="1.8" tests="19" errors="0" skipped="18" failures="1">
  <properties>
    <property name="sun.desktop" value="windows"/>
    <property name="awt.toolkit" value="sun.awt.windows.WToolkit"/>
    <property name="java.specification.version" value="12"/>
    <property name="sun.cpu.isalist" value="amd64"/>
    <property name="sun.jnu.encoding" value="Cp1252"/>
    <property name="java.class.path" value="C:\Users\babpandey\eclipse-workspace\AmazonAutomation-master\target\test-classes;C:\Users\babpandey\eclipse-workspace\AmazonAutomation-master\target\classes;C:\Users\babpandey\.m2\repository\org\freemarker\freemarker\2.3.23\freemarker-2.3.23.jar;C:\Users\babpandey\.m2\repository\org\seleniumhq\selenium\selenium-firefox-driver\3.13.0\selenium-firefox-driver-3.13.0.jar;C:\Users\babpandey\.m2\repository\org\seleniumhq\selenium\selenium-api\3.13.0\selenium-api-3.13.0.jar;C:\Users\babpandey\.m2\repository\org\seleniumhq\selenium\selenium-remote-driver\3.13.0\selenium-remote-driver-3.13.0.jar;C:\Users\babpandey\.m2\repository\net\bytebuddy\byte-buddy\1.8.3\byte-buddy-1.8.3.jar;C:\Users\babpandey\.m2\repository\org\apache\commons\commons-exec\1.3\commons-exec-1.3.jar;C:\Users\babpandey\.m2\repository\commons-codec\commons-codec\1.10\commons-codec-1.10.jar;C:\Users\babpandey\.m2\repository\commons-logging\commons-logging\1.2\commons-logging-1.2.jar;C:\Users\babpandey\.m2\repository\com\google\code\gson\gson\2.8.4\gson-2.8.4.jar;C:\Users\babpandey\.m2\repository\com\google\guava\guava\25.0-jre\guava-25.0-jre.jar;C:\Users\babpandey\.m2\repository\com\google\code\findbugs\jsr305\1.3.9\jsr305-1.3.9.jar;C:\Users\babpandey\.m2\repository\org\checkerframework\checker-compat-qual\2.0.0\checker-compat-qual-2.0.0.jar;C:\Users\babpandey\.m2\repository\com\google\errorprone\error_prone_annotations\2.1.3\error_prone_annotations-2.1.3.jar;C:\Users\babpandey\.m2\repository\com\google\j2objc\j2objc-annotations\1.1\j2objc-annotations-1.1.jar;C:\Users\babpandey\.m2\repository\org\codehaus\mojo\animal-sniffer-annotations\1.14\animal-sniffer-annotations-1.14.jar;C:\Users\babpandey\.m2\repository\org\apache\httpcomponents\httpclient\4.5.5\httpclient-4.5.5.jar;C:\Users\babpandey\.m2\repository\org\apache\httpcomponents\httpcore\4.4.9\httpcore-4.4.9.jar;C:\Users\babpandey\.m2\repository\com\squareup\okhttp3\okhttp\3.10.0\okhttp-3.10.0.jar;C:\Users\babpandey\.m2\repository\com\squareup\okio\okio\1.14.1\okio-1.14.1.jar;C:\Users\babpandey\.m2\repository\commons-io\commons-io\2.6\commons-io-2.6.jar;C:\Users\babpandey\.m2\repository\org\seleniumhq\selenium\selenium-support\3.12.0\selenium-support-3.12.0.jar;C:\Users\babpandey\.m2\repository\com\codeborne\phantomjsdriver\1.4.4\phantomjsdriver-1.4.4.jar;C:\Users\babpandey\.m2\repository\log4j\log4j\1.2.17\log4j-1.2.17.jar;C:\Users\babpandey\.m2\repository\org\testng\testng\6.14.2\testng-6.14.2.jar;C:\Users\babpandey\.m2\repository\com\beust\jcommander\1.72\jcommander-1.72.jar;C:\Users\babpandey\.m2\repository\org\apache-extras\beanshell\bsh\2.0b6\bsh-2.0b6.jar;C:\Users\babpandey\.m2\repository\com\aventstack\extentreports\3.1.5\extentreports-3.1.5.jar;C:\Users\babpandey\.m2\repository\org\apache\httpcomponents\httpmime\4.5.2\httpmime-4.5.2.jar;C:\Users\babpandey\.m2\repository\org\jsoup\jsoup\1.9.2\jsoup-1.9.2.jar;C:\Users\babpandey\.m2\repository\name\finsterwalder\fileutils\1.1\fileutils-1.1.jar;C:\Users\babpandey\.m2\repository\org\slf4j\slf4j-api\1.7.5\slf4j-api-1.7.5.jar;C:\Users\babpandey\.m2\repository\org\seleniumhq\selenium\selenium-chrome-driver\3.11.0\selenium-chrome-driver-3.11.0.jar;C:\Users\babpandey\.m2\repository\org\mongodb\mongodb-driver\3.0.4\mongodb-driver-3.0.4.jar;C:\Users\babpandey\.m2\repository\org\mongodb\bson\3.0.4\bson-3.0.4.jar;C:\Users\babpandey\.m2\repository\org\mongodb\mongodb-driver-core\3.0.4\mongodb-driver-core-3.0.4.jar;C:\Users\babpandey\.m2\repository\org\apache\maven\surefire\surefire-testng-utils\2.21.0\surefire-testng-utils-2.21.0.jar;C:\Users\babpandey\.m2\repository\org\apache\maven\surefire\surefire-grouper\2.21.0\surefire-grouper-2.21.0.jar;"/>
    <property name="java.vm.vendor" value="Oracle Corporation"/>
    <property name="sun.arch.data.model" value="64"/>
    <property name="user.variant" value=""/>
    <property name="java.vendor.url" value="https://java.oracle.com/"/>
    <property name="os.name" value="Windows 10"/>
    <property name="java.vm.specification.version" value="12"/>
    <property name="sun.java.launcher" value="SUN_STANDARD"/>
    <property name="user.country" value="US"/>
    <property name="sun.boot.library.path" value="C:\Program Files\Java\jdk-12.0.2\bin"/>
    <property name="sun.java.command" value="C:\Users\BABPAN~1\AppData\Local\Temp\surefire3619766233031838106\surefirebooter1853808575289509275.jar C:\Users\babpandey\AppData\Local\Temp\surefire3619766233031838106 2019-12-15T20-02-13_324-jvmRun1 surefire14982389807408137523tmp surefire_011649554648947214187tmp"/>
    <property name="jdk.debug" value="release"/>
    <property name="surefire.test.class.path" value="C:\Users\babpandey\eclipse-workspace\AmazonAutomation-master\target\test-classes;C:\Users\babpandey\eclipse-workspace\AmazonAutomation-master\target\classes;C:\Users\babpandey\.m2\repository\org\freemarker\freemarker\2.3.23\freemarker-2.3.23.jar;C:\Users\babpandey\.m2\repository\org\seleniumhq\selenium\selenium-firefox-driver\3.13.0\selenium-firefox-driver-3.13.0.jar;C:\Users\babpandey\.m2\repository\org\seleniumhq\selenium\selenium-api\3.13.0\selenium-api-3.13.0.jar;C:\Users\babpandey\.m2\repository\org\seleniumhq\selenium\selenium-remote-driver\3.13.0\selenium-remote-driver-3.13.0.jar;C:\Users\babpandey\.m2\repository\net\bytebuddy\byte-buddy\1.8.3\byte-buddy-1.8.3.jar;C:\Users\babpandey\.m2\repository\org\apache\commons\commons-exec\1.3\commons-exec-1.3.jar;C:\Users\babpandey\.m2\repository\commons-codec\commons-codec\1.10\commons-codec-1.10.jar;C:\Users\babpandey\.m2\repository\commons-logging\commons-logging\1.2\commons-logging-1.2.jar;C:\Users\babpandey\.m2\repository\com\google\code\gson\gson\2.8.4\gson-2.8.4.jar;C:\Users\babpandey\.m2\repository\com\google\guava\guava\25.0-jre\guava-25.0-jre.jar;C:\Users\babpandey\.m2\repository\com\google\code\findbugs\jsr305\1.3.9\jsr305-1.3.9.jar;C:\Users\babpandey\.m2\repository\org\checkerframework\checker-compat-qual\2.0.0\checker-compat-qual-2.0.0.jar;C:\Users\babpandey\.m2\repository\com\google\errorprone\error_prone_annotations\2.1.3\error_prone_annotations-2.1.3.jar;C:\Users\babpandey\.m2\repository\com\google\j2objc\j2objc-annotations\1.1\j2objc-annotations-1.1.jar;C:\Users\babpandey\.m2\repository\org\codehaus\mojo\animal-sniffer-annotations\1.14\animal-sniffer-annotations-1.14.jar;C:\Users\babpandey\.m2\repository\org\apache\httpcomponents\httpclient\4.5.5\httpclient-4.5.5.jar;C:\Users\babpandey\.m2\repository\org\apache\httpcomponents\httpcore\4.4.9\httpcore-4.4.9.jar;C:\Users\babpandey\.m2\repository\com\squareup\okhttp3\okhttp\3.10.0\okhttp-3.10.0.jar;C:\Users\babpandey\.m2\repository\com\squareup\okio\okio\1.14.1\okio-1.14.1.jar;C:\Users\babpandey\.m2\repository\commons-io\commons-io\2.6\commons-io-2.6.jar;C:\Users\babpandey\.m2\repository\org\seleniumhq\selenium\selenium-support\3.12.0\selenium-support-3.12.0.jar;C:\Users\babpandey\.m2\repository\com\codeborne\phantomjsdriver\1.4.4\phantomjsdriver-1.4.4.jar;C:\Users\babpandey\.m2\repository\log4j\log4j\1.2.17\log4j-1.2.17.jar;C:\Users\babpandey\.m2\repository\org\testng\testng\6.14.2\testng-6.14.2.jar;C:\Users\babpandey\.m2\repository\com\beust\jcommander\1.72\jcommander-1.72.jar;C:\Users\babpandey\.m2\repository\org\apache-extras\beanshell\bsh\2.0b6\bsh-2.0b6.jar;C:\Users\babpandey\.m2\repository\com\aventstack\extentreports\3.1.5\extentreports-3.1.5.jar;C:\Users\babpandey\.m2\repository\org\apache\httpcomponents\httpmime\4.5.2\httpmime-4.5.2.jar;C:\Users\babpandey\.m2\repository\org\jsoup\jsoup\1.9.2\jsoup-1.9.2.jar;C:\Users\babpandey\.m2\repository\name\finsterwalder\fileutils\1.1\fileutils-1.1.jar;C:\Users\babpandey\.m2\repository\org\slf4j\slf4j-api\1.7.5\slf4j-api-1.7.5.jar;C:\Users\babpandey\.m2\repository\org\seleniumhq\selenium\selenium-chrome-driver\3.11.0\selenium-chrome-driver-3.11.0.jar;C:\Users\babpandey\.m2\repository\org\mongodb\mongodb-driver\3.0.4\mongodb-driver-3.0.4.jar;C:\Users\babpandey\.m2\repository\org\mongodb\bson\3.0.4\bson-3.0.4.jar;C:\Users\babpandey\.m2\repository\org\mongodb\mongodb-driver-core\3.0.4\mongodb-driver-core-3.0.4.jar;C:\Users\babpandey\.m2\repository\org\apache\maven\surefire\surefire-testng-utils\2.21.0\surefire-testng-utils-2.21.0.jar;C:\Users\babpandey\.m2\repository\org\apache\maven\surefire\surefire-grouper\2.21.0\surefire-grouper-2.21.0.jar;"/>
    <property name="sun.cpu.endian" value="little"/>
    <property name="user.home" value="C:\Users\babpandey"/>
    <property name="user.language" value="en"/>
    <property name="java.specification.vendor" value="Oracle Corporation"/>
    <property name="java.version.date" value="2019-07-16"/>
    <property name="java.home" value="C:\Program Files\Java\jdk-12.0.2"/>
    <property name="file.separator" value="\"/>
    <property name="basedir" value="C:\Users\babpandey\eclipse-workspace\AmazonAutomation-master"/>
    <property name="java.vm.compressedOopsMode" value="32-bit"/>
    <property name="line.separator" value="&#10;"/>
    <property name="java.vm.specification.vendor" value="Oracle Corporation"/>
    <property name="java.specification.name" value="Java Platform API Specification"/>
    <property name="java.awt.graphicsenv" value="sun.awt.Win32GraphicsEnvironment"/>
    <property name="surefire.real.class.path" value="C:\Users\BABPAN~1\AppData\Local\Temp\surefire3619766233031838106\surefirebooter1853808575289509275.jar"/>
    <property name="user.script" value=""/>
    <property name="sun.management.compiler" value="HotSpot 64-Bit Tiered Compilers"/>
    <property name="java.runtime.version" value="12.0.2+10"/>
    <property name="user.name" value="babpandey"/>
    <property name="path.separator" value=";"/>
    <property name="os.version" value="10.0"/>
    <property name="java.runtime.name" value="Java(TM) SE Runtime Environment"/>
    <property name="file.encoding" value="Cp1252"/>
    <property name="java.vm.name" value="Java HotSpot(TM) 64-Bit Server VM"/>
    <property name="localRepository" value="C:\Users\babpandey\.m2\repository"/>
    <property name="java.vendor.url.bug" value="https://bugreport.java.com/bugreport/"/>
    <property name="java.io.tmpdir" value="C:\Users\BABPAN~1\AppData\Local\Temp\"/>
    <property name="java.version" value="12.0.2"/>
    <property name="user.dir" value="C:\Users\babpandey\eclipse-workspace\AmazonAutomation-master"/>
    <property name="os.arch" value="amd64"/>
    <property name="java.vm.specification.name" value="Java Virtual Machine Specification"/>
    <property name="sun.os.patch.level" value=""/>
    <property name="java.library.path" value="C:\Program Files\Java\jdk-12.0.2\bin;C:\WINDOWS\Sun\Java\bin;C:\WINDOWS\system32;C:\WINDOWS;C:/Program Files/Java/jdk-12.0.2/bin/server;C:/Program Files/Java/jdk-12.0.2/bin;C:\WINDOWS\system32;C:\WINDOWS;C:\WINDOWS\System32\Wbem;C:\Program Files (x86)\TRICENTIS\Tosca Testsuite\Classic;C:\Program Files (x86)\TRICENTIS\Tosca Testsuite\ToscaCommander;;C:\Program Files (x86)\TRICENTIS\Tosca Testsuite\Classic;C:\Program Files (x86)\TRICENTIS\Tosca Testsuite\Classic\dll;C:\Program Files (x86)\TRICENTIS\Tosca Testsuite\Classic\dll\GuptaEngine;C:\Program Files (x86)\TRICENTIS\Tosca Testsuite\ToscaCommander;C:\Program Files (x86)\TRICENTIS\Tosca Testsuite\Classic\dll\DelphiEngine;C:\Program Files (x86)\TRICENTIS\Tosca Testsuite\Classic\dll\PBEngine;C:\Program Files (x86)\TRICENTIS\Tosca Testsuite\Classic\dll\VBEngine;C:\Program Files (x86)\TRICENTIS\Tosca Testsuite\Classic\dll\DotNetHooking;;C:\Program Files (x86)\TRICENTIS\Tosca Testsuite\TBox\\Resources\Mobile\Tools;C:\Program Files (x86)\Common Files\Oracle\Java\javapath;C:\Program Files (x86)\Intel\iCLS Client\;C:\Program Files\Intel\iCLS Client\;C:\WINDOWS\system32;C:\WINDOWS;C:\WINDOWS\System32\Wbem;C:\WINDOWS\System32\WindowsPowerShell\v1.0\;C:\WINDOWS\System32\OpenSSH\;C:\Program Files (x86)\Intel\Intel(R) Management Engine Components\DAL;C:\Program Files\Intel\Intel(R) Management Engine Components\DAL;C:\Program Files (x86)\Intel\Intel(R) Management Engine Components\IPT;C:\Program Files\Intel\Intel(R) Management Engine Components\IPT;C:\Users\babpandey\AppData\Local\Microsoft\WindowsApps;C:\Program Files\nodejs\;C:\Program Files (x86)\Microsoft SQL Server\150\DTS\Binn\;C:\Program Files\dotnet\;C:\Program Files\Microsoft SQL Server\130\Tools\Binn\;C:\Program Files\Microsoft SQL Server\Client SDK\ODBC\170\Tools\Binn\;C:\Users\babpandey\AppData\Local\Microsoft\WindowsApps;C:\Users\babpandey\AppData\Roaming\npm;C:\Users\babpandey\AppData\Local\Programs\Fiddler;C:\Users\babpandey\AppData\Local\Programs\Microsoft VS Code\bin;C:\WINDOWS\system32;;."/>
    <property name="java.vm.info" value="mixed mode, sharing"/>
    <property name="java.vendor" value="Oracle Corporation"/>
    <property name="java.vm.version" value="12.0.2+10"/>
    <property name="sun.io.unicode.encoding" value="UnicodeLittle"/>
    <property name="java.class.version" value="56.0"/>
  </properties>
  <testcase name="setup" classname="com.qa.TestCase.AmazonLoginPageTest" time="1.452">
    <failure message="The driver executable does not exist: C:\Automation\chromedriver_win32\chromedriver.exe" type="java.lang.IllegalStateException">java.lang.IllegalStateException: The driver executable does not exist: C:\Automation\chromedriver_win32\chromedriver.exe
	at com.qa.TestCase.AmazonLoginPageTest.setup(AmazonLoginPageTest.java:21)
</failure>
  </testcase>
  <testcase name="DashBoardIntialize" classname="com.qa.TestCase.CustomerHelpPageTest" time="0">
    <skipped/>
  </testcase>
  <testcase name="DashBoardIntialize" classname="com.qa.TestCase.CustomerHelpPageTest" time="0">
    <skipped/>
  </testcase>
  <testcase name="AmazonLogoTest" classname="com.qa.TestCase.AmazonLoginPageTest" time="0">
    <skipped message="The driver executable does not exist: C:\Automation\chromedriver_win32\chromedriver.exe"/>
  </testcase>
  <testcase name="getResult" classname="com.qa.TestCase.AmazonLoginPageTest" time="0">
    <skipped/>
    <system-out><![CDATA[===========================================================
Test Case is Skipped,Test Name is:	AmazonLogoTest
===========================================================
]]></system-out>
  </testcase>
  <testcase name="getResult" classname="com.qa.TestCase.AmazonLoginPageTest" time="0">
    <skipped/>
    <system-out><![CDATA[===========================================================
Test Case is Skipped,Test Name is:	ConsumerPortalTittle
===========================================================
]]></system-out>
  </testcase>
  <testcase name="getResult" classname="com.qa.TestCase.AmazonLoginPageTest" time="0">
    <skipped/>
    <system-out><![CDATA[===========================================================
Test Case is Skipped,Test Name is:	ConsumerLogoTest
===========================================================
]]></system-out>
  </testcase>
  <testcase name="ConsumerPortalTittle" classname="com.qa.TestCase.AmazonLoginPageTest" time="0">
    <skipped message="The driver executable does not exist: C:\Automation\chromedriver_win32\chromedriver.exe"/>
  </testcase>
  <testcase name="ConsumerLogoTest" classname="com.qa.TestCase.AmazonLoginPageTest" time="0">
    <skipped message="The driver executable does not exist: C:\Automation\chromedriver_win32\chromedriver.exe"/>
  </testcase>
  <testcase name="AmazonSearchPage" classname="com.qa.TestCase.DashBoardPageTest" time="0">
    <skipped message="The driver executable does not exist: C:\Automation\chromedriver_win32\chromedriver.exe"/>
  </testcase>
  <testcase name="getResult" classname="com.qa.TestCase.DashBoardPageTest" time="0">
    <skipped/>
    <system-out><![CDATA[===========================================================
Test Case is Skipped,Test Name is:	AmazonSearchPage
===========================================================
]]></system-out>
  </testcase>
  <testcase name="getResult" classname="com.qa.TestCase.DashBoardPageTest" time="0">
    <skipped/>
    <system-out><![CDATA[===========================================================
Test Case is Skipped,Test Name is:	ClickonContactPage
===========================================================
]]></system-out>
  </testcase>
  <testcase name="ClickonContactPage" classname="com.qa.TestCase.DashBoardPageTest" time="0">
    <skipped message="The driver executable does not exist: C:\Automation\chromedriver_win32\chromedriver.exe"/>
  </testcase>
  <testcase name="ConsumerLogoTest" classname="com.qa.TestCase.CustomerHelpPageTest" time="0">
    <skipped message="The driver executable does not exist: C:\Automation\chromedriver_win32\chromedriver.exe"/>
  </testcase>
  <testcase name="getResult" classname="com.qa.TestCase.CustomerHelpPageTest" time="0">
    <skipped/>
    <system-out><![CDATA[===========================================================
Test Case is Skipped,Test Name is:	ConsumerLogoTest
===========================================================
]]></system-out>
  </testcase>
  <testcase name="getResult" classname="com.qa.TestCase.CustomerHelpPageTest" time="0">
    <skipped/>
    <system-out><![CDATA[===========================================================
Test Case is Skipped,Test Name is:	AmazonLogout
===========================================================
]]></system-out>
  </testcase>
  <testcase name="AmazonLogout" classname="com.qa.TestCase.CustomerHelpPageTest" time="0">
    <skipped message="The driver executable does not exist: C:\Automation\chromedriver_win32\chromedriver.exe"/>
  </testcase>
  <testcase name="Exit" classname="com.qa.TestCase.AmazonLoginPageTest" time="0">
    <skipped/>
  </testcase>
  <testcase name="endReport" classname="com.qa.TestCase.AmazonLoginPageTest" time="0">
    <skipped/>
  </testcase>
</testsuite>